Using CPython 3.13.12 interpreter at: C:\Users\undea\AppData\Local\Programs\Python\Python313\python.exe
Creating virtual environment at: .venv
warning: No `requires-python` value found in the workspace. Defaulting to `>=3.13`.
Traceback (most recent call last):
  File "<frozen runpy>", line 189, in _run_module_as_main
  File "<frozen runpy>", line 148, in _get_module_details
  File "<frozen runpy>", line 112, in _get_module_details
  File "C:\Users\undea\Documents\bot\bot\__init__.py", line 1, in <module>
    from .application.bot import SignalBot
  File "C:\Users\undea\Documents\bot\bot\application\__init__.py", line 4, in <module>
    from .bot import SignalBot
  File "C:\Users\undea\Documents\bot\bot\application\bot.py", line 26, in <module>
    from ..alerts import AlertCoordinator
  File "C:\Users\undea\Documents\bot\bot\alerts.py", line 9, in <module>
    from .config import AlertConfig, BotSettings
  File "C:\Users\undea\Documents\bot\bot\config.py", line 9, in <module>
    from dotenv import load_dotenv
ModuleNotFoundError: No module named 'dotenv'
C:\Users\undea\AppData\Local\Programs\Python\Python313\python.exe: No module named bot.__main__; 'bot' is a package and cannot be directly executed
error: Project virtual environment directory `C:\Users\undea\Documents\bot\.venv` cannot be used because it is not a valid Python environment (no Python executable was found)
