warning: No `requires-python` value found in the workspace. Defaulting to `>=3.13`.
Resolved in 36ms
Checked in 2ms
Requirement already satisfied: python-dotenv in C:\Users\undea\AppData\Local\Programs\Python\Python313\Lib\site-packages (1.2.1)
Requirement already satisfied: polars in C:\Users\undea\AppData\Local\Programs\Python\Python313\Lib\site-packages (1.39.3)
Requirement already satisfied: aiohttp in C:\Users\undea\AppData\Local\Programs\Python\Python313\Lib\site-packages (3.13.5)
Requirement already satisfied: toml in C:\Users\undea\AppData\Local\Programs\Python\Python313\Lib\site-packages (0.10.2)
Requirement already satisfied: numpy in C:\Users\undea\AppData\Local\Programs\Python\Python313\Lib\site-packages (2.4.4)
Requirement already satisfied: pandas in C:\Users\undea\AppData\Local\Programs\Python\Python313\Lib\site-packages (2.3.3)
Requirement already satisfied: pydantic in C:\Users\undea\AppData\Local\Programs\Python\Python313\Lib\site-packages (2.12.5)
Requirement already satisfied: polars-runtime-32==1.39.3 in C:\Users\undea\AppData\Local\Programs\Python\Python313\Lib\site-packages (from polars) (1.39.3)
Requirement already satisfied: aiohappyeyeballs>=2.5.0 in C:\Users\undea\AppData\Local\Programs\Python\Python313\Lib\site-packages (from aiohttp) (2.6.1)
Requirement already satisfied: aiosignal>=1.4.0 in C:\Users\undea\AppData\Local\Programs\Python\Python313\Lib\site-packages (from aiohttp) (1.4.0)
Requirement already satisfied: attrs>=17.3.0 in C:\Users\undea\AppData\Local\Programs\Python\Python313\Lib\site-packages (from aiohttp) (26.1.0)
Requirement already satisfied: frozenlist>=1.1.1 in C:\Users\undea\AppData\Local\Programs\Python\Python313\Lib\site-packages (from aiohttp) (1.8.0)
Requirement already satisfied: multidict<7.0,>=4.5 in C:\Users\undea\AppData\Local\Programs\Python\Python313\Lib\site-packages (from aiohttp) (6.7.1)
Requirement already satisfied: propcache>=0.2.0 in C:\Users\undea\AppData\Local\Programs\Python\Python313\Lib\site-packages (from aiohttp) (0.4.1)
Requirement already satisfied: yarl<2.0,>=1.17.0 in C:\Users\undea\AppData\Local\Programs\Python\Python313\Lib\site-packages (from aiohttp) (1.23.0)
Requirement already satisfied: idna>=2.0 in C:\Users\undea\AppData\Local\Programs\Python\Python313\Lib\site-packages (from yarl<2.0,>=1.17.0->aiohttp) (3.11)
Requirement already satisfied: python-dateutil>=2.8.2 in C:\Users\undea\AppData\Local\Programs\Python\Python313\Lib\site-packages (from pandas) (2.9.0.post0)
Requirement already satisfied: pytz>=2020.1 in C:\Users\undea\AppData\Local\Programs\Python\Python313\Lib\site-packages (from pandas) (2026.1.post1)
Requirement already satisfied: tzdata>=2022.7 in C:\Users\undea\AppData\Local\Programs\Python\Python313\Lib\site-packages (from pandas) (2026.1)
Requirement already satisfied: annotated-types>=0.6.0 in C:\Users\undea\AppData\Local\Programs\Python\Python313\Lib\site-packages (from pydantic) (0.7.0)
Requirement already satisfied: pydantic-core==2.41.5 in C:\Users\undea\AppData\Local\Programs\Python\Python313\Lib\site-packages (from pydantic) (2.41.5)
Requirement already satisfied: typing-extensions>=4.14.1 in C:\Users\undea\AppData\Local\Programs\Python\Python313\Lib\site-packages (from pydantic) (4.15.0)
Requirement already satisfied: typing-inspection>=0.4.2 in C:\Users\undea\AppData\Local\Programs\Python\Python313\Lib\site-packages (from pydantic) (0.4.2)
Requirement already satisfied: six>=1.5 in C:\Users\undea\AppData\Local\Programs\Python\Python313\Lib\site-packages (from python-dateutil>=2.8.2->pandas) (1.17.0)
Resolved 23 packages in 7.62s
Downloading polars-runtime-32 (49.4MiB)
Downloading pandas (9.3MiB)
Downloading numpy (11.7MiB)
 Downloaded pandas
 Downloaded numpy
 Downloaded polars-runtime-32
Prepared 7 packages in 2m 06s
Installed 23 packages in 22.11s
 + aiohappyeyeballs==2.6.1
 + aiohttp==3.13.5
 + aiosignal==1.4.0
 + annotated-types==0.7.0
 + attrs==26.1.0
 + frozenlist==1.8.0
 + idna==3.13
 + multidict==6.7.1
 + numpy==2.4.4
 + pandas==3.0.2
 + polars==1.40.1
 + polars-runtime-32==1.40.1
 + propcache==0.4.1
 + pydantic==2.13.3
 + pydantic-core==2.46.3
 + python-dateutil==2.9.0.post0
 + python-dotenv==1.2.2
 + six==1.17.0
 + toml==0.10.2
 + typing-extensions==4.15.0
 + typing-inspection==0.4.2
 + tzdata==2026.1
 + yarl==1.23.0
error: Broken virtual environment `C:\Users\undea\Documents\bot\.venv`: `pyvenv.cfg` is missing
Requirement already satisfied: python-dotenv in C:\Users\undea\AppData\Local\Programs\Python\Python313\Lib\site-packages (1.2.1)
Requirement already satisfied: polars in C:\Users\undea\AppData\Local\Programs\Python\Python313\Lib\site-packages (1.39.3)
Requirement already satisfied: aiohttp in C:\Users\undea\AppData\Local\Programs\Python\Python313\Lib\site-packages (3.13.5)
Requirement already satisfied: toml in C:\Users\undea\AppData\Local\Programs\Python\Python313\Lib\site-packages (0.10.2)
Requirement already satisfied: numpy in C:\Users\undea\AppData\Local\Programs\Python\Python313\Lib\site-packages (2.4.4)
Requirement already satisfied: pandas in C:\Users\undea\AppData\Local\Programs\Python\Python313\Lib\site-packages (2.3.3)
Requirement already satisfied: pydantic in C:\Users\undea\AppData\Local\Programs\Python\Python313\Lib\site-packages (2.12.5)
Requirement already satisfied: polars-runtime-32==1.39.3 in C:\Users\undea\AppData\Local\Programs\Python\Python313\Lib\site-packages (from polars) (1.39.3)
Requirement already satisfied: aiohappyeyeballs>=2.5.0 in C:\Users\undea\AppData\Local\Programs\Python\Python313\Lib\site-packages (from aiohttp) (2.6.1)
Requirement already satisfied: aiosignal>=1.4.0 in C:\Users\undea\AppData\Local\Programs\Python\Python313\Lib\site-packages (from aiohttp) (1.4.0)
Requirement already satisfied: attrs>=17.3.0 in C:\Users\undea\AppData\Local\Programs\Python\Python313\Lib\site-packages (from aiohttp) (26.1.0)
Requirement already satisfied: frozenlist>=1.1.1 in C:\Users\undea\AppData\Local\Programs\Python\Python313\Lib\site-packages (from aiohttp) (1.8.0)
Requirement already satisfied: multidict<7.0,>=4.5 in C:\Users\undea\AppData\Local\Programs\Python\Python313\Lib\site-packages (from aiohttp) (6.7.1)
Requirement already satisfied: propcache>=0.2.0 in C:\Users\undea\AppData\Local\Programs\Python\Python313\Lib\site-packages (from aiohttp) (0.4.1)
Requirement already satisfied: yarl<2.0,>=1.17.0 in C:\Users\undea\AppData\Local\Programs\Python\Python313\Lib\site-packages (from aiohttp) (1.23.0)
Requirement already satisfied: idna>=2.0 in C:\Users\undea\AppData\Local\Programs\Python\Python313\Lib\site-packages (from yarl<2.0,>=1.17.0->aiohttp) (3.11)
Requirement already satisfied: python-dateutil>=2.8.2 in C:\Users\undea\AppData\Local\Programs\Python\Python313\Lib\site-packages (from pandas) (2.9.0.post0)
Requirement already satisfied: pytz>=2020.1 in C:\Users\undea\AppData\Local\Programs\Python\Python313\Lib\site-packages (from pandas) (2026.1.post1)
Requirement already satisfied: tzdata>=2022.7 in C:\Users\undea\AppData\Local\Programs\Python\Python313\Lib\site-packages (from pandas) (2026.1)
Requirement already satisfied: annotated-types>=0.6.0 in C:\Users\undea\AppData\Local\Programs\Python\Python313\Lib\site-packages (from pydantic) (0.7.0)
Requirement already satisfied: pydantic-core==2.41.5 in C:\Users\undea\AppData\Local\Programs\Python\Python313\Lib\site-packages (from pydantic) (2.41.5)
Requirement already satisfied: typing-extensions>=4.14.1 in C:\Users\undea\AppData\Local\Programs\Python\Python313\Lib\site-packages (from pydantic) (4.15.0)
Requirement already satisfied: typing-inspection>=0.4.2 in C:\Users\undea\AppData\Local\Programs\Python\Python313\Lib\site-packages (from pydantic) (0.4.2)
Requirement already satisfied: six>=1.5 in C:\Users\undea\AppData\Local\Programs\Python\Python313\Lib\site-packages (from python-dateutil>=2.8.2->pandas) (1.17.0)
