2026-04-24 03:47:34,973 | INFO    | bot.cli | configure_logging:121 | ================================================================================
2026-04-24 03:47:34,974 | INFO    | bot.cli | configure_logging:122 | BOT SESSION STARTED | 2026-04-24 00:47:34 UTC
2026-04-24 03:47:34,975 | INFO    | bot.cli | configure_logging:123 | LOG FILE | data\bot\logs\bot_20260424_004734_93656.log
2026-04-24 03:47:34,976 | INFO    | bot.cli | configure_logging:124 | DEBUG MODE | False
2026-04-24 03:47:34,976 | INFO    | bot.cli | configure_logging:125 | ASYNCIO DEBUG | False
2026-04-24 03:47:35,001 | INFO    | bot.cli | configure_logging:126 | ================================================================================
2026-04-24 03:47:35,002 | INFO    | bot.cli | _run_doctor_check:49 | DOCTOR OK | {"pid_lock": "data\\bot\\bot.pid", "logs_dir": "data\\bot\\logs", "telemetry_dir": "data\\bot\\telemetry", "db_path": "data\\bot\\bot.db", "config_filters": {"min_atr_pct": 0.5, "min_score": 0.66, "freshness_15m_minutes": 16, "freshness_1h_hours": 2}, "ws": {"base_url": "wss://fstream.binance.com", "public_base_url": "wss://fstream.binance.com/public", "market_base_url": "wss://fstream.binance.com/market", "subscribe_book_ticker": true}, "setups_enabled": {"structure_pullback": true, "structure_break_retest": true, "wick_trap_reversal": true, "squeeze_setup": true, "ema_bounce": true, "order_block": true, "breaker_block": true, "fvg_setup": true, "bos_choch": true, "liquidity_sweep": true, "turtle_soup": true, "cvd_divergence": true, "hidden_divergence": true, "funding_reversal": true, "session_killzone": true}}
2026-04-24 03:47:35,067 | INFO    | bot.ws_manager | set_event_bus:300 | EventBus attached to ws_manager
2026-04-24 03:47:35,067 | INFO    | bot.application.bot | __init__:91 | ws_manager initialized | pinned_symbols=4
2026-04-24 03:47:36,790 | INFO    | bot.application.bot | __init__:108 | MemoryRepository initialized | db=data\bot\bot.db
2026-04-24 03:47:36,953 | INFO    | bot.metrics | __init__:194 | metrics collector initialized on port 9090
2026-04-24 03:47:37,009 | INFO    | bot.metrics | start_server:203 | metrics server started on port 9090
2026-04-24 03:47:38,385 | INFO    | bot.dashboard | start_server:266 | dashboard server started on port 8080
2026-04-24 03:47:38,388 | INFO    | bot.core.engine.registry | register:51 | Registered strategy: structure_pullback (enabled=True)
2026-04-24 03:47:38,389 | INFO    | bot.application.bot | _register_strategies:207 | registered strategy structure_pullback (enabled=True)
2026-04-24 03:47:38,389 | INFO    | bot.core.engine.registry | register:51 | Registered strategy: structure_break_retest (enabled=True)
2026-04-24 03:47:38,389 | INFO    | bot.application.bot | _register_strategies:207 | registered strategy structure_break_retest (enabled=True)
2026-04-24 03:47:38,390 | INFO    | bot.core.engine.registry | register:51 | Registered strategy: wick_trap_reversal (enabled=True)
2026-04-24 03:47:38,391 | INFO    | bot.application.bot | _register_strategies:207 | registered strategy wick_trap_reversal (enabled=True)
2026-04-24 03:47:38,391 | INFO    | bot.core.engine.registry | register:51 | Registered strategy: squeeze_setup (enabled=True)
2026-04-24 03:47:38,392 | INFO    | bot.application.bot | _register_strategies:207 | registered strategy squeeze_setup (enabled=True)
2026-04-24 03:47:38,397 | INFO    | bot.core.engine.registry | register:51 | Registered strategy: ema_bounce (enabled=True)
2026-04-24 03:47:38,398 | INFO    | bot.application.bot | _register_strategies:207 | registered strategy ema_bounce (enabled=True)
2026-04-24 03:47:38,398 | INFO    | bot.core.engine.registry | register:51 | Registered strategy: fvg_setup (enabled=True)
2026-04-24 03:47:38,399 | INFO    | bot.application.bot | _register_strategies:207 | registered strategy fvg_setup (enabled=True)
2026-04-24 03:47:38,399 | INFO    | bot.core.engine.registry | register:51 | Registered strategy: order_block (enabled=True)
2026-04-24 03:47:38,399 | INFO    | bot.application.bot | _register_strategies:207 | registered strategy order_block (enabled=True)
2026-04-24 03:47:38,400 | INFO    | bot.core.engine.registry | register:51 | Registered strategy: liquidity_sweep (enabled=True)
2026-04-24 03:47:38,400 | INFO    | bot.application.bot | _register_strategies:207 | registered strategy liquidity_sweep (enabled=True)
2026-04-24 03:47:38,400 | INFO    | bot.core.engine.registry | register:51 | Registered strategy: bos_choch (enabled=True)
2026-04-24 03:47:38,401 | INFO    | bot.application.bot | _register_strategies:207 | registered strategy bos_choch (enabled=True)
2026-04-24 03:47:38,403 | INFO    | bot.core.engine.registry | register:51 | Registered strategy: hidden_divergence (enabled=True)
2026-04-24 03:47:38,403 | INFO    | bot.application.bot | _register_strategies:207 | registered strategy hidden_divergence (enabled=True)
2026-04-24 03:47:38,404 | INFO    | bot.core.engine.registry | register:51 | Registered strategy: funding_reversal (enabled=True)
2026-04-24 03:47:38,404 | INFO    | bot.application.bot | _register_strategies:207 | registered strategy funding_reversal (enabled=True)
2026-04-24 03:47:38,405 | INFO    | bot.core.engine.registry | register:51 | Registered strategy: cvd_divergence (enabled=True)
2026-04-24 03:47:38,405 | INFO    | bot.application.bot | _register_strategies:207 | registered strategy cvd_divergence (enabled=True)
2026-04-24 03:47:38,405 | INFO    | bot.core.engine.registry | register:51 | Registered strategy: session_killzone (enabled=True)
2026-04-24 03:47:38,406 | INFO    | bot.application.bot | _register_strategies:207 | registered strategy session_killzone (enabled=True)
2026-04-24 03:47:38,406 | INFO    | bot.core.engine.registry | register:51 | Registered strategy: breaker_block (enabled=True)
2026-04-24 03:47:38,407 | INFO    | bot.application.bot | _register_strategies:207 | registered strategy breaker_block (enabled=True)
2026-04-24 03:47:38,414 | INFO    | bot.core.engine.registry | register:51 | Registered strategy: turtle_soup (enabled=True)
2026-04-24 03:47:38,415 | INFO    | bot.application.bot | _register_strategies:207 | registered strategy turtle_soup (enabled=True)
2026-04-24 03:47:38,415 | INFO    | bot.application.bot | _register_strategies:209 | strategies registered | total=15 enabled=15
2026-04-24 03:47:38,416 | INFO    | bot.application.bot | __init__:153 | SignalEngine initialized with 15 strategies
2026-04-24 03:47:38,416 | INFO    | bot.application.bot | __init__:179 | EventBus subscriptions registered | handlers=3 (kline_close, reconnect, book_ticker)
2026-04-24 03:47:38,471 | INFO    | bot.core.memory.repository | initialize:343 | Memory repository initialized at data\bot\bot.db
2026-04-24 03:47:38,472 | INFO    | bot.application.bot | start:910 | modern repository initialized | SQLite ready
2026-04-24 03:47:38,511 | INFO    | bot.application.bot | start:929 | runtime initialized | setups=15 shortlist_limit=45 memory_symbols=0 btc_bias=neutral blacklisted=none
2026-04-24 03:47:38,511 | INFO    | bot.application.bot | _do_refresh_shortlist:2265 | refreshing shortlist...
